2026-02-28 23:09:54,952 - DataPipeline - INFO - Fetching TATASTEEL.NS from yfinance...
2026-02-28 23:10:02,371 - DataPipeline - INFO - Fetching SUZLON.NS from yfinance...
2026-02-28 23:10:05,555 - DataPipeline - INFO - Fetching GOLDBEES.NS from yfinance...
2026-02-28 23:10:06,046 - DataPipeline - INFO - Fetching NMDC.NS from yfinance...
2026-02-28 23:10:06,646 - DataPipeline - INFO - Fetching YESBANK.NS from yfinance...
2026-02-28 23:10:07,274 - DataPipeline - INFO - Fetching TATAPOWER.NS from yfinance...
2026-02-28 23:10:07,872 - DataPipeline - INFO - Fetching SILVERBEES.NS from yfinance...
2026-02-28 23:10:08,462 - DataPipeline - INFO - Fetching HINDALCO.NS from yfinance...
2026-02-28 23:10:09,155 - DataPipeline - INFO - Fetching VEDANTA.NS from yfinance...
2026-02-28 23:10:13,703 - yfinance - ERROR - HTTP Error 404: {"quoteSummary":{"result":null,"error":{"code":"Not Found","description":"Quote not found for symbol: VEDANTA.NS"}}}
2026-02-28 23:10:14,022 - yfinance - ERROR - $VEDANTA.NS: possibly delisted; no timezone found
2026-02-28 23:10:14,030 - yfinance - ERROR - 
1 Failed download:
2026-02-28 23:10:14,030 - yfinance - ERROR - ['VEDANTA.NS']: possibly delisted; no timezone found
2026-02-28 23:10:14,034 - DataPipeline - WARNING - No data found for VEDANTA.NS
2026-02-28 23:10:14,034 - DataPipeline - INFO - Fetching ^NSEI from yfinance...
2026-02-28 23:10:14,568 - DataPipeline - INFO - Loading GOLDBEES.NS from cache.
2026-02-28 23:10:27,709 - DataPipeline - INFO - Loading SILVERBEES.NS from cache.
2026-02-28 23:10:27,744 - DataPipeline - INFO - Data cleaning complete. Original rows: 17943, Cleaned rows: 0
2026-02-28 23:30:57,283 - DataPipeline - INFO - Fetching TATASTEEL.NS from yfinance...
2026-02-28 23:31:08,336 - DataPipeline - INFO - Fetching SUZLON.NS from yfinance...
2026-02-28 23:31:12,270 - DataPipeline - INFO - Fetching GOLDBEES.NS from yfinance...
2026-02-28 23:31:21,428 - DataPipeline - INFO - Fetching NMDC.NS from yfinance...
2026-02-28 23:31:22,580 - DataPipeline - INFO - Fetching YESBANK.NS from yfinance...
2026-02-28 23:31:23,949 - DataPipeline - INFO - Fetching TATAPOWER.NS from yfinance...
2026-02-28 23:31:25,231 - DataPipeline - INFO - Fetching SILVERBEES.NS from yfinance...
2026-02-28 23:31:26,214 - DataPipeline - INFO - Fetching HINDALCO.NS from yfinance...
2026-02-28 23:31:27,508 - DataPipeline - INFO - Fetching VEDANTA.NS from yfinance...
2026-02-28 23:31:37,535 - yfinance - ERROR - HTTP Error 404: {"quoteSummary":{"result":null,"error":{"code":"Not Found","description":"Quote not found for symbol: VEDANTA.NS"}}}
2026-02-28 23:31:40,867 - yfinance - ERROR - $VEDANTA.NS: possibly delisted; no timezone found
2026-02-28 23:31:40,868 - yfinance - ERROR - 
1 Failed download:
2026-02-28 23:31:40,869 - yfinance - ERROR - ['VEDANTA.NS']: possibly delisted; no timezone found
2026-02-28 23:31:40,873 - DataPipeline - WARNING - No data found for VEDANTA.NS
2026-02-28 23:31:40,873 - DataPipeline - INFO - Fetching ^NSEI from yfinance...
2026-02-28 23:31:44,973 - DataPipeline - INFO - Loading GOLDBEES.NS from cache.
2026-02-28 23:31:44,987 - DataPipeline - INFO - Loading SILVERBEES.NS from cache.
2026-02-28 23:31:45,005 - DataPipeline - INFO - Data cleaning complete. Original rows: 17943, Cleaned rows: 17943
2026-02-28 23:35:20,803 - DataPipeline - INFO - Loading TATASTEEL.NS from cache.
2026-02-28 23:35:20,829 - DataPipeline - INFO - Loading SUZLON.NS from cache.
2026-02-28 23:35:20,831 - DataPipeline - INFO - Loading GOLDBEES.NS from cache.
2026-02-28 23:35:20,833 - DataPipeline - INFO - Loading NMDC.NS from cache.
2026-02-28 23:35:20,834 - DataPipeline - INFO - Loading YESBANK.NS from cache.
2026-02-28 23:35:20,836 - DataPipeline - INFO - Loading TATAPOWER.NS from cache.
2026-02-28 23:35:20,838 - DataPipeline - INFO - Loading SILVERBEES.NS from cache.
2026-02-28 23:35:20,839 - DataPipeline - INFO - Loading HINDALCO.NS from cache.
2026-02-28 23:35:20,841 - DataPipeline - INFO - Fetching VEDL.NS from yfinance...
2026-02-28 23:35:28,200 - DataPipeline - INFO - Loading ^NSEI from cache.
2026-02-28 23:35:28,206 - DataPipeline - INFO - Loading GOLDBEES.NS from cache.
2026-02-28 23:35:28,217 - DataPipeline - INFO - Loading SILVERBEES.NS from cache.
2026-02-28 23:35:28,257 - DataPipeline - INFO - Data cleaning complete. Original rows: 19714, Cleaned rows: 19714
2026-02-28 23:35:28,867 - DataPipeline - INFO - Pipeline complete. Processed data saved to data/processed_market_data.parquet
2026-02-28 23:36:37,698 - DataPipeline - INFO - Loading TATASTEEL.NS from cache.
2026-02-28 23:36:37,724 - DataPipeline - INFO - Loading SUZLON.NS from cache.
2026-02-28 23:36:37,726 - DataPipeline - INFO - Loading GOLDBEES.NS from cache.
2026-02-28 23:36:37,728 - DataPipeline - INFO - Loading NMDC.NS from cache.
2026-02-28 23:36:37,730 - DataPipeline - INFO - Loading YESBANK.NS from cache.
2026-02-28 23:36:37,732 - DataPipeline - INFO - Loading TATAPOWER.NS from cache.
2026-02-28 23:36:37,734 - DataPipeline - INFO - Loading SILVERBEES.NS from cache.
2026-02-28 23:36:37,735 - DataPipeline - INFO - Loading HINDALCO.NS from cache.
2026-02-28 23:36:37,737 - DataPipeline - INFO - Loading VEDL.NS from cache.
2026-02-28 23:36:37,739 - DataPipeline - INFO - Loading ^NSEI from cache.
2026-02-28 23:36:37,741 - DataPipeline - INFO - Loading GOLDBEES.NS from cache.
2026-02-28 23:36:37,744 - DataPipeline - INFO - Loading SILVERBEES.NS from cache.
2026-02-28 23:36:37,762 - DataPipeline - INFO - Data cleaning complete. Original rows: 19714, Cleaned rows: 19714
2026-02-28 23:36:37,923 - DataPipeline - INFO - Pipeline complete. Processed data saved to data/processed_market_data.parquet
